ARM GAS  C:\Users\anmh1\AppData\Local\Temp\cc1kLZZB.s 			page 1


   1              		.cpu cortex-m4
   2              		.eabi_attribute 27, 1
   3              		.eabi_attribute 28, 1
   4              		.eabi_attribute 20, 1
   5              		.eabi_attribute 21, 1
   6              		.eabi_attribute 23, 3
   7              		.eabi_attribute 24, 1
   8              		.eabi_attribute 25, 1
   9              		.eabi_attribute 26, 1
  10              		.eabi_attribute 30, 1
  11              		.eabi_attribute 34, 1
  12              		.eabi_attribute 18, 4
  13              		.file	"syscalls.c"
  14              		.text
  15              	.Ltext0:
  16              		.cfi_sections	.debug_frame
  17              		.section	.text.initialise_monitor_handles,"ax",%progbits
  18              		.align	1
  19              		.global	initialise_monitor_handles
  20              		.arch armv7e-m
  21              		.syntax unified
  22              		.thumb
  23              		.thumb_func
  24              		.fpu fpv4-sp-d16
  26              	initialise_monitor_handles:
  27              	.LFB25:
  28              		.file 1 "Core/Src/syscalls.c"
   1:Core/Src/syscalls.c **** /**
   2:Core/Src/syscalls.c ****  ******************************************************************************
   3:Core/Src/syscalls.c ****  * @file      syscalls.c
   4:Core/Src/syscalls.c ****  * @author    Auto-generated by STM32CubeIDE
   5:Core/Src/syscalls.c ****  * @brief     STM32CubeIDE Minimal System calls file
   6:Core/Src/syscalls.c ****  *
   7:Core/Src/syscalls.c ****  *            For more information about which c-functions
   8:Core/Src/syscalls.c ****  *            need which of these lowlevel functions
   9:Core/Src/syscalls.c ****  *            please consult the Newlib libc-manual
  10:Core/Src/syscalls.c ****  ******************************************************************************
  11:Core/Src/syscalls.c ****  * @attention
  12:Core/Src/syscalls.c ****  *
  13:Core/Src/syscalls.c ****  * Copyright (c) 2020-2023 STMicroelectronics.
  14:Core/Src/syscalls.c ****  * All rights reserved.
  15:Core/Src/syscalls.c ****  *
  16:Core/Src/syscalls.c ****  * This software is licensed under terms that can be found in the LICENSE file
  17:Core/Src/syscalls.c ****  * in the root directory of this software component.
  18:Core/Src/syscalls.c ****  * If no LICENSE file comes with this software, it is provided AS-IS.
  19:Core/Src/syscalls.c ****  *
  20:Core/Src/syscalls.c ****  ******************************************************************************
  21:Core/Src/syscalls.c ****  */
  22:Core/Src/syscalls.c **** 
  23:Core/Src/syscalls.c **** /* Includes */
  24:Core/Src/syscalls.c **** #include <sys/stat.h>
  25:Core/Src/syscalls.c **** #include <stdlib.h>
  26:Core/Src/syscalls.c **** #include <errno.h>
  27:Core/Src/syscalls.c **** #include <stdio.h>
  28:Core/Src/syscalls.c **** #include <signal.h>
  29:Core/Src/syscalls.c **** #include <time.h>
  30:Core/Src/syscalls.c **** #include <sys/time.h>
ARM GAS  C:\Users\anmh1\AppData\Local\Temp\cc1kLZZB.s 			page 2


  31:Core/Src/syscalls.c **** #include <sys/times.h>
  32:Core/Src/syscalls.c **** 
  33:Core/Src/syscalls.c **** 
  34:Core/Src/syscalls.c **** /* Variables */
  35:Core/Src/syscalls.c **** extern int __io_putchar(int ch) __attribute__((weak));
  36:Core/Src/syscalls.c **** extern int __io_getchar(void) __attribute__((weak));
  37:Core/Src/syscalls.c **** 
  38:Core/Src/syscalls.c **** 
  39:Core/Src/syscalls.c **** char *__env[1] = { 0 };
  40:Core/Src/syscalls.c **** char **environ = __env;
  41:Core/Src/syscalls.c **** 
  42:Core/Src/syscalls.c **** 
  43:Core/Src/syscalls.c **** /* Functions */
  44:Core/Src/syscalls.c **** void initialise_monitor_handles()
  45:Core/Src/syscalls.c **** {
  29              		.loc 1 45 1 view -0
  30              		.cfi_startproc
  31              		@ args = 0, pretend = 0, frame = 0
  32              		@ frame_needed = 0, uses_anonymous_args = 0
  33              		@ link register save eliminated.
  46:Core/Src/syscalls.c **** }
  34              		.loc 1 46 1 view .LVU1
  35 0000 7047     		bx	lr
  36              		.cfi_endproc
  37              	.LFE25:
  39              		.section	.text._getpid,"ax",%progbits
  40              		.align	1
  41              		.global	_getpid
  42              		.syntax unified
  43              		.thumb
  44              		.thumb_func
  45              		.fpu fpv4-sp-d16
  47              	_getpid:
  48              	.LFB26:
  47:Core/Src/syscalls.c **** 
  48:Core/Src/syscalls.c **** int _getpid(void)
  49:Core/Src/syscalls.c **** {
  49              		.loc 1 49 1 view -0
  50              		.cfi_startproc
  51              		@ args = 0, pretend = 0, frame = 0
  52              		@ frame_needed = 0, uses_anonymous_args = 0
  53              		@ link register save eliminated.
  50:Core/Src/syscalls.c ****   return 1;
  54              		.loc 1 50 3 view .LVU3
  51:Core/Src/syscalls.c **** }
  55              		.loc 1 51 1 is_stmt 0 view .LVU4
  56 0000 0120     		movs	r0, #1
  57 0002 7047     		bx	lr
  58              		.cfi_endproc
  59              	.LFE26:
  61              		.section	.text._kill,"ax",%progbits
  62              		.align	1
  63              		.global	_kill
  64              		.syntax unified
  65              		.thumb
  66              		.thumb_func
  67              		.fpu fpv4-sp-d16
ARM GAS  C:\Users\anmh1\AppData\Local\Temp\cc1kLZZB.s 			page 3


  69              	_kill:
  70              	.LVL0:
  71              	.LFB27:
  52:Core/Src/syscalls.c **** 
  53:Core/Src/syscalls.c **** int _kill(int pid, int sig)
  54:Core/Src/syscalls.c **** {
  72              		.loc 1 54 1 is_stmt 1 view -0
  73              		.cfi_startproc
  74              		@ args = 0, pretend = 0, frame = 0
  75              		@ frame_needed = 0, uses_anonymous_args = 0
  76              		.loc 1 54 1 is_stmt 0 view .LVU6
  77 0000 08B5     		push	{r3, lr}
  78              		.cfi_def_cfa_offset 8
  79              		.cfi_offset 3, -8
  80              		.cfi_offset 14, -4
  55:Core/Src/syscalls.c ****   (void)pid;
  81              		.loc 1 55 3 is_stmt 1 view .LVU7
  56:Core/Src/syscalls.c ****   (void)sig;
  82              		.loc 1 56 3 view .LVU8
  57:Core/Src/syscalls.c ****   errno = EINVAL;
  83              		.loc 1 57 3 view .LVU9
  84 0002 FFF7FEFF 		bl	__errno
  85              	.LVL1:
  86              		.loc 1 57 9 is_stmt 0 view .LVU10
  87 0006 1623     		movs	r3, #22
  88 0008 0360     		str	r3, [r0]
  58:Core/Src/syscalls.c ****   return -1;
  89              		.loc 1 58 3 is_stmt 1 view .LVU11
  59:Core/Src/syscalls.c **** }
  90              		.loc 1 59 1 is_stmt 0 view .LVU12
  91 000a 4FF0FF30 		mov	r0, #-1
  92 000e 08BD     		pop	{r3, pc}
  93              		.cfi_endproc
  94              	.LFE27:
  96              		.section	.text._exit,"ax",%progbits
  97              		.align	1
  98              		.global	_exit
  99              		.syntax unified
 100              		.thumb
 101              		.thumb_func
 102              		.fpu fpv4-sp-d16
 104              	_exit:
 105              	.LVL2:
 106              	.LFB28:
  60:Core/Src/syscalls.c **** 
  61:Core/Src/syscalls.c **** void _exit (int status)
  62:Core/Src/syscalls.c **** {
 107              		.loc 1 62 1 is_stmt 1 view -0
 108              		.cfi_startproc
 109              		@ Volatile: function does not return.
 110              		@ args = 0, pretend = 0, frame = 0
 111              		@ frame_needed = 0, uses_anonymous_args = 0
 112              		.loc 1 62 1 is_stmt 0 view .LVU14
 113 0000 08B5     		push	{r3, lr}
 114              		.cfi_def_cfa_offset 8
 115              		.cfi_offset 3, -8
 116              		.cfi_offset 14, -4
ARM GAS  C:\Users\anmh1\AppData\Local\Temp\cc1kLZZB.s 			page 4


  63:Core/Src/syscalls.c ****   _kill(status, -1);
 117              		.loc 1 63 3 is_stmt 1 view .LVU15
 118 0002 4FF0FF31 		mov	r1, #-1
 119 0006 FFF7FEFF 		bl	_kill
 120              	.LVL3:
 121              	.L6:
  64:Core/Src/syscalls.c ****   while (1) {}    /* Make sure we hang here */
 122              		.loc 1 64 3 discriminator 1 view .LVU16
 123              		.loc 1 64 14 discriminator 1 view .LVU17
 124              		.loc 1 64 9 discriminator 1 view .LVU18
 125 000a FEE7     		b	.L6
 126              		.cfi_endproc
 127              	.LFE28:
 129              		.section	.text._read,"ax",%progbits
 130              		.align	1
 131              		.weak	_read
 132              		.syntax unified
 133              		.thumb
 134              		.thumb_func
 135              		.fpu fpv4-sp-d16
 137              	_read:
 138              	.LVL4:
 139              	.LFB29:
  65:Core/Src/syscalls.c **** }
  66:Core/Src/syscalls.c **** 
  67:Core/Src/syscalls.c **** __attribute__((weak)) int _read(int file, char *ptr, int len)
  68:Core/Src/syscalls.c **** {
 140              		.loc 1 68 1 view -0
 141              		.cfi_startproc
 142              		@ args = 0, pretend = 0, frame = 0
 143              		@ frame_needed = 0, uses_anonymous_args = 0
 144              		.loc 1 68 1 is_stmt 0 view .LVU20
 145 0000 70B5     		push	{r4, r5, r6, lr}
 146              		.cfi_def_cfa_offset 16
 147              		.cfi_offset 4, -16
 148              		.cfi_offset 5, -12
 149              		.cfi_offset 6, -8
 150              		.cfi_offset 14, -4
 151 0002 0C46     		mov	r4, r1
 152 0004 1646     		mov	r6, r2
  69:Core/Src/syscalls.c ****   (void)file;
 153              		.loc 1 69 3 is_stmt 1 view .LVU21
  70:Core/Src/syscalls.c ****   int DataIdx;
 154              		.loc 1 70 3 view .LVU22
  71:Core/Src/syscalls.c **** 
  72:Core/Src/syscalls.c ****   for (DataIdx = 0; DataIdx < len; DataIdx++)
 155              		.loc 1 72 3 view .LVU23
 156              	.LVL5:
 157              		.loc 1 72 16 is_stmt 0 view .LVU24
 158 0006 0025     		movs	r5, #0
 159              	.LVL6:
 160              	.L9:
 161              		.loc 1 72 21 is_stmt 1 discriminator 1 view .LVU25
 162              		.loc 1 72 3 is_stmt 0 discriminator 1 view .LVU26
 163 0008 B542     		cmp	r5, r6
 164 000a 07DA     		bge	.L12
  73:Core/Src/syscalls.c ****   {
ARM GAS  C:\Users\anmh1\AppData\Local\Temp\cc1kLZZB.s 			page 5


  74:Core/Src/syscalls.c ****     *ptr++ = __io_getchar();
 165              		.loc 1 74 5 is_stmt 1 discriminator 3 view .LVU27
 166              		.loc 1 74 14 is_stmt 0 discriminator 3 view .LVU28
 167 000c FFF7FEFF 		bl	__io_getchar
 168              	.LVL7:
 169              		.loc 1 74 9 discriminator 3 view .LVU29
 170 0010 2146     		mov	r1, r4
 171              	.LVL8:
 172              		.loc 1 74 12 discriminator 3 view .LVU30
 173 0012 01F8010B 		strb	r0, [r1], #1
 174              	.LVL9:
  72:Core/Src/syscalls.c ****   {
 175              		.loc 1 72 36 is_stmt 1 discriminator 3 view .LVU31
  72:Core/Src/syscalls.c ****   {
 176              		.loc 1 72 43 is_stmt 0 discriminator 3 view .LVU32
 177 0016 0135     		adds	r5, r5, #1
 178              	.LVL10:
 179              		.loc 1 74 9 discriminator 3 view .LVU33
 180 0018 0C46     		mov	r4, r1
 181 001a F5E7     		b	.L9
 182              	.L12:
  75:Core/Src/syscalls.c ****   }
  76:Core/Src/syscalls.c **** 
  77:Core/Src/syscalls.c ****   return len;
 183              		.loc 1 77 3 is_stmt 1 view .LVU34
  78:Core/Src/syscalls.c **** }
 184              		.loc 1 78 1 is_stmt 0 view .LVU35
 185 001c 3046     		mov	r0, r6
 186 001e 70BD     		pop	{r4, r5, r6, pc}
 187              		.loc 1 78 1 view .LVU36
 188              		.cfi_endproc
 189              	.LFE29:
 191              		.section	.text._write,"ax",%progbits
 192              		.align	1
 193              		.weak	_write
 194              		.syntax unified
 195              		.thumb
 196              		.thumb_func
 197              		.fpu fpv4-sp-d16
 199              	_write:
 200              	.LVL11:
 201              	.LFB30:
  79:Core/Src/syscalls.c **** 
  80:Core/Src/syscalls.c **** __attribute__((weak)) int _write(int file, char *ptr, int len)
  81:Core/Src/syscalls.c **** {
 202              		.loc 1 81 1 is_stmt 1 view -0
 203              		.cfi_startproc
 204              		@ args = 0, pretend = 0, frame = 0
 205              		@ frame_needed = 0, uses_anonymous_args = 0
 206              		.loc 1 81 1 is_stmt 0 view .LVU38
 207 0000 70B5     		push	{r4, r5, r6, lr}
 208              		.cfi_def_cfa_offset 16
 209              		.cfi_offset 4, -16
 210              		.cfi_offset 5, -12
 211              		.cfi_offset 6, -8
 212              		.cfi_offset 14, -4
 213 0002 0C46     		mov	r4, r1
ARM GAS  C:\Users\anmh1\AppData\Local\Temp\cc1kLZZB.s 			page 6


 214 0004 1646     		mov	r6, r2
  82:Core/Src/syscalls.c ****   (void)file;
 215              		.loc 1 82 3 is_stmt 1 view .LVU39
  83:Core/Src/syscalls.c ****   int DataIdx;
 216              		.loc 1 83 3 view .LVU40
  84:Core/Src/syscalls.c **** 
  85:Core/Src/syscalls.c ****   for (DataIdx = 0; DataIdx < len; DataIdx++)
 217              		.loc 1 85 3 view .LVU41
 218              	.LVL12:
 219              		.loc 1 85 16 is_stmt 0 view .LVU42
 220 0006 0025     		movs	r5, #0
 221              	.LVL13:
 222              	.L14:
 223              		.loc 1 85 21 is_stmt 1 discriminator 1 view .LVU43
 224              		.loc 1 85 3 is_stmt 0 discriminator 1 view .LVU44
 225 0008 B542     		cmp	r5, r6
 226 000a 05DA     		bge	.L17
  86:Core/Src/syscalls.c ****   {
  87:Core/Src/syscalls.c ****     __io_putchar(*ptr++);
 227              		.loc 1 87 5 is_stmt 1 discriminator 3 view .LVU45
 228              	.LVL14:
 229              		.loc 1 87 5 is_stmt 0 discriminator 3 view .LVU46
 230 000c 14F8010B 		ldrb	r0, [r4], #1	@ zero_extendqisi2
 231              	.LVL15:
 232              		.loc 1 87 5 discriminator 3 view .LVU47
 233 0010 FFF7FEFF 		bl	__io_putchar
 234              	.LVL16:
  85:Core/Src/syscalls.c ****   {
 235              		.loc 1 85 36 is_stmt 1 discriminator 3 view .LVU48
  85:Core/Src/syscalls.c ****   {
 236              		.loc 1 85 43 is_stmt 0 discriminator 3 view .LVU49
 237 0014 0135     		adds	r5, r5, #1
 238              	.LVL17:
  85:Core/Src/syscalls.c ****   {
 239              		.loc 1 85 43 discriminator 3 view .LVU50
 240 0016 F7E7     		b	.L14
 241              	.L17:
  88:Core/Src/syscalls.c ****   }
  89:Core/Src/syscalls.c ****   return len;
 242              		.loc 1 89 3 is_stmt 1 view .LVU51
  90:Core/Src/syscalls.c **** }
 243              		.loc 1 90 1 is_stmt 0 view .LVU52
 244 0018 3046     		mov	r0, r6
 245 001a 70BD     		pop	{r4, r5, r6, pc}
 246              		.loc 1 90 1 view .LVU53
 247              		.cfi_endproc
 248              	.LFE30:
 250              		.section	.text._close,"ax",%progbits
 251              		.align	1
 252              		.global	_close
 253              		.syntax unified
 254              		.thumb
 255              		.thumb_func
 256              		.fpu fpv4-sp-d16
 258              	_close:
 259              	.LVL18:
 260              	.LFB31:
ARM GAS  C:\Users\anmh1\AppData\Local\Temp\cc1kLZZB.s 			page 7


  91:Core/Src/syscalls.c **** 
  92:Core/Src/syscalls.c **** int _close(int file)
  93:Core/Src/syscalls.c **** {
 261              		.loc 1 93 1 is_stmt 1 view -0
 262              		.cfi_startproc
 263              		@ args = 0, pretend = 0, frame = 0
 264              		@ frame_needed = 0, uses_anonymous_args = 0
 265              		@ link register save eliminated.
  94:Core/Src/syscalls.c ****   (void)file;
 266              		.loc 1 94 3 view .LVU55
  95:Core/Src/syscalls.c ****   return -1;
 267              		.loc 1 95 3 view .LVU56
  96:Core/Src/syscalls.c **** }
 268              		.loc 1 96 1 is_stmt 0 view .LVU57
 269 0000 4FF0FF30 		mov	r0, #-1
 270              	.LVL19:
 271              		.loc 1 96 1 view .LVU58
 272 0004 7047     		bx	lr
 273              		.cfi_endproc
 274              	.LFE31:
 276              		.section	.text._fstat,"ax",%progbits
 277              		.align	1
 278              		.global	_fstat
 279              		.syntax unified
 280              		.thumb
 281              		.thumb_func
 282              		.fpu fpv4-sp-d16
 284              	_fstat:
 285              	.LVL20:
 286              	.LFB32:
  97:Core/Src/syscalls.c **** 
  98:Core/Src/syscalls.c **** 
  99:Core/Src/syscalls.c **** int _fstat(int file, struct stat *st)
 100:Core/Src/syscalls.c **** {
 287              		.loc 1 100 1 is_stmt 1 view -0
 288              		.cfi_startproc
 289              		@ args = 0, pretend = 0, frame = 0
 290              		@ frame_needed = 0, uses_anonymous_args = 0
 291              		@ link register save eliminated.
 101:Core/Src/syscalls.c ****   (void)file;
 292              		.loc 1 101 3 view .LVU60
 102:Core/Src/syscalls.c ****   st->st_mode = S_IFCHR;
 293              		.loc 1 102 3 view .LVU61
 294              		.loc 1 102 15 is_stmt 0 view .LVU62
 295 0000 4FF40053 		mov	r3, #8192
 296 0004 4B60     		str	r3, [r1, #4]
 103:Core/Src/syscalls.c ****   return 0;
 297              		.loc 1 103 3 is_stmt 1 view .LVU63
 104:Core/Src/syscalls.c **** }
 298              		.loc 1 104 1 is_stmt 0 view .LVU64
 299 0006 0020     		movs	r0, #0
 300              	.LVL21:
 301              		.loc 1 104 1 view .LVU65
 302 0008 7047     		bx	lr
 303              		.cfi_endproc
 304              	.LFE32:
 306              		.section	.text._isatty,"ax",%progbits
ARM GAS  C:\Users\anmh1\AppData\Local\Temp\cc1kLZZB.s 			page 8


 307              		.align	1
 308              		.global	_isatty
 309              		.syntax unified
 310              		.thumb
 311              		.thumb_func
 312              		.fpu fpv4-sp-d16
 314              	_isatty:
 315              	.LVL22:
 316              	.LFB33:
 105:Core/Src/syscalls.c **** 
 106:Core/Src/syscalls.c **** int _isatty(int file)
 107:Core/Src/syscalls.c **** {
 317              		.loc 1 107 1 is_stmt 1 view -0
 318              		.cfi_startproc
 319              		@ args = 0, pretend = 0, frame = 0
 320              		@ frame_needed = 0, uses_anonymous_args = 0
 321              		@ link register save eliminated.
 108:Core/Src/syscalls.c ****   (void)file;
 322              		.loc 1 108 3 view .LVU67
 109:Core/Src/syscalls.c ****   return 1;
 323              		.loc 1 109 3 view .LVU68
 110:Core/Src/syscalls.c **** }
 324              		.loc 1 110 1 is_stmt 0 view .LVU69
 325 0000 0120     		movs	r0, #1
 326              	.LVL23:
 327              		.loc 1 110 1 view .LVU70
 328 0002 7047     		bx	lr
 329              		.cfi_endproc
 330              	.LFE33:
 332              		.section	.text._lseek,"ax",%progbits
 333              		.align	1
 334              		.global	_lseek
 335              		.syntax unified
 336              		.thumb
 337              		.thumb_func
 338              		.fpu fpv4-sp-d16
 340              	_lseek:
 341              	.LVL24:
 342              	.LFB34:
 111:Core/Src/syscalls.c **** 
 112:Core/Src/syscalls.c **** int _lseek(int file, int ptr, int dir)
 113:Core/Src/syscalls.c **** {
 343              		.loc 1 113 1 is_stmt 1 view -0
 344              		.cfi_startproc
 345              		@ args = 0, pretend = 0, frame = 0
 346              		@ frame_needed = 0, uses_anonymous_args = 0
 347              		@ link register save eliminated.
 114:Core/Src/syscalls.c ****   (void)file;
 348              		.loc 1 114 3 view .LVU72
 115:Core/Src/syscalls.c ****   (void)ptr;
 349              		.loc 1 115 3 view .LVU73
 116:Core/Src/syscalls.c ****   (void)dir;
 350              		.loc 1 116 3 view .LVU74
 117:Core/Src/syscalls.c ****   return 0;
 351              		.loc 1 117 3 view .LVU75
 118:Core/Src/syscalls.c **** }
 352              		.loc 1 118 1 is_stmt 0 view .LVU76
ARM GAS  C:\Users\anmh1\AppData\Local\Temp\cc1kLZZB.s 			page 9


 353 0000 0020     		movs	r0, #0
 354              	.LVL25:
 355              		.loc 1 118 1 view .LVU77
 356 0002 7047     		bx	lr
 357              		.cfi_endproc
 358              	.LFE34:
 360              		.section	.text._open,"ax",%progbits
 361              		.align	1
 362              		.global	_open
 363              		.syntax unified
 364              		.thumb
 365              		.thumb_func
 366              		.fpu fpv4-sp-d16
 368              	_open:
 369              	.LVL26:
 370              	.LFB35:
 119:Core/Src/syscalls.c **** 
 120:Core/Src/syscalls.c **** int _open(char *path, int flags, ...)
 121:Core/Src/syscalls.c **** {
 371              		.loc 1 121 1 is_stmt 1 view -0
 372              		.cfi_startproc
 373              		@ args = 4, pretend = 12, frame = 0
 374              		@ frame_needed = 0, uses_anonymous_args = 1
 375              		@ link register save eliminated.
 376              		.loc 1 121 1 is_stmt 0 view .LVU79
 377 0000 0EB4     		push	{r1, r2, r3}
 378              		.cfi_def_cfa_offset 12
 379              		.cfi_offset 1, -12
 380              		.cfi_offset 2, -8
 381              		.cfi_offset 3, -4
 122:Core/Src/syscalls.c ****   (void)path;
 382              		.loc 1 122 3 is_stmt 1 view .LVU80
 123:Core/Src/syscalls.c ****   (void)flags;
 383              		.loc 1 123 3 view .LVU81
 124:Core/Src/syscalls.c ****   /* Pretend like we always fail */
 125:Core/Src/syscalls.c ****   return -1;
 384              		.loc 1 125 3 view .LVU82
 126:Core/Src/syscalls.c **** }
 385              		.loc 1 126 1 is_stmt 0 view .LVU83
 386 0002 4FF0FF30 		mov	r0, #-1
 387              	.LVL27:
 388              		.loc 1 126 1 view .LVU84
 389 0006 03B0     		add	sp, sp, #12
 390              		.cfi_restore 3
 391              		.cfi_restore 2
 392              		.cfi_restore 1
 393              		.cfi_def_cfa_offset 0
 394 0008 7047     		bx	lr
 395              		.cfi_endproc
 396              	.LFE35:
 398              		.section	.text._wait,"ax",%progbits
 399              		.align	1
 400              		.global	_wait
 401              		.syntax unified
 402              		.thumb
 403              		.thumb_func
 404              		.fpu fpv4-sp-d16
ARM GAS  C:\Users\anmh1\AppData\Local\Temp\cc1kLZZB.s 			page 10


 406              	_wait:
 407              	.LVL28:
 408              	.LFB36:
 127:Core/Src/syscalls.c **** 
 128:Core/Src/syscalls.c **** int _wait(int *status)
 129:Core/Src/syscalls.c **** {
 409              		.loc 1 129 1 is_stmt 1 view -0
 410              		.cfi_startproc
 411              		@ args = 0, pretend = 0, frame = 0
 412              		@ frame_needed = 0, uses_anonymous_args = 0
 413              		.loc 1 129 1 is_stmt 0 view .LVU86
 414 0000 08B5     		push	{r3, lr}
 415              		.cfi_def_cfa_offset 8
 416              		.cfi_offset 3, -8
 417              		.cfi_offset 14, -4
 130:Core/Src/syscalls.c ****   (void)status;
 418              		.loc 1 130 3 is_stmt 1 view .LVU87
 131:Core/Src/syscalls.c ****   errno = ECHILD;
 419              		.loc 1 131 3 view .LVU88
 420 0002 FFF7FEFF 		bl	__errno
 421              	.LVL29:
 422              		.loc 1 131 9 is_stmt 0 view .LVU89
 423 0006 0A23     		movs	r3, #10
 424 0008 0360     		str	r3, [r0]
 132:Core/Src/syscalls.c ****   return -1;
 425              		.loc 1 132 3 is_stmt 1 view .LVU90
 133:Core/Src/syscalls.c **** }
 426              		.loc 1 133 1 is_stmt 0 view .LVU91
 427 000a 4FF0FF30 		mov	r0, #-1
 428 000e 08BD     		pop	{r3, pc}
 429              		.cfi_endproc
 430              	.LFE36:
 432              		.section	.text._unlink,"ax",%progbits
 433              		.align	1
 434              		.global	_unlink
 435              		.syntax unified
 436              		.thumb
 437              		.thumb_func
 438              		.fpu fpv4-sp-d16
 440              	_unlink:
 441              	.LVL30:
 442              	.LFB37:
 134:Core/Src/syscalls.c **** 
 135:Core/Src/syscalls.c **** int _unlink(char *name)
 136:Core/Src/syscalls.c **** {
 443              		.loc 1 136 1 is_stmt 1 view -0
 444              		.cfi_startproc
 445              		@ args = 0, pretend = 0, frame = 0
 446              		@ frame_needed = 0, uses_anonymous_args = 0
 447              		.loc 1 136 1 is_stmt 0 view .LVU93
 448 0000 08B5     		push	{r3, lr}
 449              		.cfi_def_cfa_offset 8
 450              		.cfi_offset 3, -8
 451              		.cfi_offset 14, -4
 137:Core/Src/syscalls.c ****   (void)name;
 452              		.loc 1 137 3 is_stmt 1 view .LVU94
 138:Core/Src/syscalls.c ****   errno = ENOENT;
ARM GAS  C:\Users\anmh1\AppData\Local\Temp\cc1kLZZB.s 			page 11


 453              		.loc 1 138 3 view .LVU95
 454 0002 FFF7FEFF 		bl	__errno
 455              	.LVL31:
 456              		.loc 1 138 9 is_stmt 0 view .LVU96
 457 0006 0223     		movs	r3, #2
 458 0008 0360     		str	r3, [r0]
 139:Core/Src/syscalls.c ****   return -1;
 459              		.loc 1 139 3 is_stmt 1 view .LVU97
 140:Core/Src/syscalls.c **** }
 460              		.loc 1 140 1 is_stmt 0 view .LVU98
 461 000a 4FF0FF30 		mov	r0, #-1
 462 000e 08BD     		pop	{r3, pc}
 463              		.cfi_endproc
 464              	.LFE37:
 466              		.section	.text._times,"ax",%progbits
 467              		.align	1
 468              		.global	_times
 469              		.syntax unified
 470              		.thumb
 471              		.thumb_func
 472              		.fpu fpv4-sp-d16
 474              	_times:
 475              	.LVL32:
 476              	.LFB38:
 141:Core/Src/syscalls.c **** 
 142:Core/Src/syscalls.c **** int _times(struct tms *buf)
 143:Core/Src/syscalls.c **** {
 477              		.loc 1 143 1 is_stmt 1 view -0
 478              		.cfi_startproc
 479              		@ args = 0, pretend = 0, frame = 0
 480              		@ frame_needed = 0, uses_anonymous_args = 0
 481              		@ link register save eliminated.
 144:Core/Src/syscalls.c ****   (void)buf;
 482              		.loc 1 144 3 view .LVU100
 145:Core/Src/syscalls.c ****   return -1;
 483              		.loc 1 145 3 view .LVU101
 146:Core/Src/syscalls.c **** }
 484              		.loc 1 146 1 is_stmt 0 view .LVU102
 485 0000 4FF0FF30 		mov	r0, #-1
 486              	.LVL33:
 487              		.loc 1 146 1 view .LVU103
 488 0004 7047     		bx	lr
 489              		.cfi_endproc
 490              	.LFE38:
 492              		.section	.text._stat,"ax",%progbits
 493              		.align	1
 494              		.global	_stat
 495              		.syntax unified
 496              		.thumb
 497              		.thumb_func
 498              		.fpu fpv4-sp-d16
 500              	_stat:
 501              	.LVL34:
 502              	.LFB39:
 147:Core/Src/syscalls.c **** 
 148:Core/Src/syscalls.c **** int _stat(char *file, struct stat *st)
 149:Core/Src/syscalls.c **** {
ARM GAS  C:\Users\anmh1\AppData\Local\Temp\cc1kLZZB.s 			page 12


 503              		.loc 1 149 1 is_stmt 1 view -0
 504              		.cfi_startproc
 505              		@ args = 0, pretend = 0, frame = 0
 506              		@ frame_needed = 0, uses_anonymous_args = 0
 507              		@ link register save eliminated.
 150:Core/Src/syscalls.c ****   (void)file;
 508              		.loc 1 150 3 view .LVU105
 151:Core/Src/syscalls.c ****   st->st_mode = S_IFCHR;
 509              		.loc 1 151 3 view .LVU106
 510              		.loc 1 151 15 is_stmt 0 view .LVU107
 511 0000 4FF40053 		mov	r3, #8192
 512 0004 4B60     		str	r3, [r1, #4]
 152:Core/Src/syscalls.c ****   return 0;
 513              		.loc 1 152 3 is_stmt 1 view .LVU108
 153:Core/Src/syscalls.c **** }
 514              		.loc 1 153 1 is_stmt 0 view .LVU109
 515 0006 0020     		movs	r0, #0
 516              	.LVL35:
 517              		.loc 1 153 1 view .LVU110
 518 0008 7047     		bx	lr
 519              		.cfi_endproc
 520              	.LFE39:
 522              		.section	.text._link,"ax",%progbits
 523              		.align	1
 524              		.global	_link
 525              		.syntax unified
 526              		.thumb
 527              		.thumb_func
 528              		.fpu fpv4-sp-d16
 530              	_link:
 531              	.LVL36:
 532              	.LFB40:
 154:Core/Src/syscalls.c **** 
 155:Core/Src/syscalls.c **** int _link(char *old, char *new)
 156:Core/Src/syscalls.c **** {
 533              		.loc 1 156 1 is_stmt 1 view -0
 534              		.cfi_startproc
 535              		@ args = 0, pretend = 0, frame = 0
 536              		@ frame_needed = 0, uses_anonymous_args = 0
 537              		.loc 1 156 1 is_stmt 0 view .LVU112
 538 0000 08B5     		push	{r3, lr}
 539              		.cfi_def_cfa_offset 8
 540              		.cfi_offset 3, -8
 541              		.cfi_offset 14, -4
 157:Core/Src/syscalls.c ****   (void)old;
 542              		.loc 1 157 3 is_stmt 1 view .LVU113
 158:Core/Src/syscalls.c ****   (void)new;
 543              		.loc 1 158 3 view .LVU114
 159:Core/Src/syscalls.c ****   errno = EMLINK;
 544              		.loc 1 159 3 view .LVU115
 545 0002 FFF7FEFF 		bl	__errno
 546              	.LVL37:
 547              		.loc 1 159 9 is_stmt 0 view .LVU116
 548 0006 1F23     		movs	r3, #31
 549 0008 0360     		str	r3, [r0]
 160:Core/Src/syscalls.c ****   return -1;
 550              		.loc 1 160 3 is_stmt 1 view .LVU117
ARM GAS  C:\Users\anmh1\AppData\Local\Temp\cc1kLZZB.s 			page 13


 161:Core/Src/syscalls.c **** }
 551              		.loc 1 161 1 is_stmt 0 view .LVU118
 552 000a 4FF0FF30 		mov	r0, #-1
 553 000e 08BD     		pop	{r3, pc}
 554              		.cfi_endproc
 555              	.LFE40:
 557              		.section	.text._fork,"ax",%progbits
 558              		.align	1
 559              		.global	_fork
 560              		.syntax unified
 561              		.thumb
 562              		.thumb_func
 563              		.fpu fpv4-sp-d16
 565              	_fork:
 566              	.LFB41:
 162:Core/Src/syscalls.c **** 
 163:Core/Src/syscalls.c **** int _fork(void)
 164:Core/Src/syscalls.c **** {
 567              		.loc 1 164 1 is_stmt 1 view -0
 568              		.cfi_startproc
 569              		@ args = 0, pretend = 0, frame = 0
 570              		@ frame_needed = 0, uses_anonymous_args = 0
 571 0000 08B5     		push	{r3, lr}
 572              		.cfi_def_cfa_offset 8
 573              		.cfi_offset 3, -8
 574              		.cfi_offset 14, -4
 165:Core/Src/syscalls.c ****   errno = EAGAIN;
 575              		.loc 1 165 3 view .LVU120
 576 0002 FFF7FEFF 		bl	__errno
 577              	.LVL38:
 578              		.loc 1 165 9 is_stmt 0 view .LVU121
 579 0006 0B23     		movs	r3, #11
 580 0008 0360     		str	r3, [r0]
 166:Core/Src/syscalls.c ****   return -1;
 581              		.loc 1 166 3 is_stmt 1 view .LVU122
 167:Core/Src/syscalls.c **** }
 582              		.loc 1 167 1 is_stmt 0 view .LVU123
 583 000a 4FF0FF30 		mov	r0, #-1
 584 000e 08BD     		pop	{r3, pc}
 585              		.cfi_endproc
 586              	.LFE41:
 588              		.section	.text._execve,"ax",%progbits
 589              		.align	1
 590              		.global	_execve
 591              		.syntax unified
 592              		.thumb
 593              		.thumb_func
 594              		.fpu fpv4-sp-d16
 596              	_execve:
 597              	.LVL39:
 598              	.LFB42:
 168:Core/Src/syscalls.c **** 
 169:Core/Src/syscalls.c **** int _execve(char *name, char **argv, char **env)
 170:Core/Src/syscalls.c **** {
 599              		.loc 1 170 1 is_stmt 1 view -0
 600              		.cfi_startproc
 601              		@ args = 0, pretend = 0, frame = 0
ARM GAS  C:\Users\anmh1\AppData\Local\Temp\cc1kLZZB.s 			page 14


 602              		@ frame_needed = 0, uses_anonymous_args = 0
 603              		.loc 1 170 1 is_stmt 0 view .LVU125
 604 0000 08B5     		push	{r3, lr}
 605              		.cfi_def_cfa_offset 8
 606              		.cfi_offset 3, -8
 607              		.cfi_offset 14, -4
 171:Core/Src/syscalls.c ****   (void)name;
 608              		.loc 1 171 3 is_stmt 1 view .LVU126
 172:Core/Src/syscalls.c ****   (void)argv;
 609              		.loc 1 172 3 view .LVU127
 173:Core/Src/syscalls.c ****   (void)env;
 610              		.loc 1 173 3 view .LVU128
 174:Core/Src/syscalls.c ****   errno = ENOMEM;
 611              		.loc 1 174 3 view .LVU129
 612 0002 FFF7FEFF 		bl	__errno
 613              	.LVL40:
 614              		.loc 1 174 9 is_stmt 0 view .LVU130
 615 0006 0C23     		movs	r3, #12
 616 0008 0360     		str	r3, [r0]
 175:Core/Src/syscalls.c ****   return -1;
 617              		.loc 1 175 3 is_stmt 1 view .LVU131
 176:Core/Src/syscalls.c **** }
 618              		.loc 1 176 1 is_stmt 0 view .LVU132
 619 000a 4FF0FF30 		mov	r0, #-1
 620 000e 08BD     		pop	{r3, pc}
 621              		.cfi_endproc
 622              	.LFE42:
 624              		.global	environ
 625              		.global	__env
 626              		.section	.bss.__env,"aw",%nobits
 627              		.align	2
 630              	__env:
 631 0000 00000000 		.space	4
 632              		.section	.data.environ,"aw"
 633              		.align	2
 636              	environ:
 637 0000 00000000 		.word	__env
 638              		.weak	__io_putchar
 639              		.weak	__io_getchar
 640              		.text
 641              	.Letext0:
 642              		.file 2 "c:\\make\\test\\gcc-arm-none-eabi-9-2019-q4-major-win32\\arm-none-eabi\\include\\machine\
 643              		.file 3 "c:\\make\\test\\gcc-arm-none-eabi-9-2019-q4-major-win32\\arm-none-eabi\\include\\sys\\loc
 644              		.file 4 "c:\\make\\test\\gcc-arm-none-eabi-9-2019-q4-major-win32\\arm-none-eabi\\include\\sys\\_ty
 645              		.file 5 "c:\\make\\test\\gcc-arm-none-eabi-9-2019-q4-major-win32\\lib\\gcc\\arm-none-eabi\\9.2.1\\
 646              		.file 6 "c:\\make\\test\\gcc-arm-none-eabi-9-2019-q4-major-win32\\arm-none-eabi\\include\\sys\\ree
 647              		.file 7 "c:\\make\\test\\gcc-arm-none-eabi-9-2019-q4-major-win32\\arm-none-eabi\\include\\sys\\_ti
 648              		.file 8 "c:\\make\\test\\gcc-arm-none-eabi-9-2019-q4-major-win32\\arm-none-eabi\\include\\sys\\typ
 649              		.file 9 "c:\\make\\test\\gcc-arm-none-eabi-9-2019-q4-major-win32\\arm-none-eabi\\include\\time.h"
 650              		.file 10 "c:\\make\\test\\gcc-arm-none-eabi-9-2019-q4-major-win32\\arm-none-eabi\\include\\sys\\st
 651              		.file 11 "c:\\make\\test\\gcc-arm-none-eabi-9-2019-q4-major-win32\\arm-none-eabi\\include\\stdlib.
 652              		.file 12 "c:\\make\\test\\gcc-arm-none-eabi-9-2019-q4-major-win32\\arm-none-eabi\\include\\sys\\er
 653              		.file 13 "c:\\make\\test\\gcc-arm-none-eabi-9-2019-q4-major-win32\\arm-none-eabi\\include\\sys\\ti
ARM GAS  C:\Users\anmh1\AppData\Local\Temp\cc1kLZZB.s 			page 15


DEFINED SYMBOLS
                            *ABS*:00000000 syscalls.c
C:\Users\anmh1\AppData\Local\Temp\cc1kLZZB.s:18     .text.initialise_monitor_handles:00000000 $t
C:\Users\anmh1\AppData\Local\Temp\cc1kLZZB.s:26     .text.initialise_monitor_handles:00000000 initialise_monitor_handles
C:\Users\anmh1\AppData\Local\Temp\cc1kLZZB.s:40     .text._getpid:00000000 $t
C:\Users\anmh1\AppData\Local\Temp\cc1kLZZB.s:47     .text._getpid:00000000 _getpid
C:\Users\anmh1\AppData\Local\Temp\cc1kLZZB.s:62     .text._kill:00000000 $t
C:\Users\anmh1\AppData\Local\Temp\cc1kLZZB.s:69     .text._kill:00000000 _kill
C:\Users\anmh1\AppData\Local\Temp\cc1kLZZB.s:97     .text._exit:00000000 $t
C:\Users\anmh1\AppData\Local\Temp\cc1kLZZB.s:104    .text._exit:00000000 _exit
C:\Users\anmh1\AppData\Local\Temp\cc1kLZZB.s:130    .text._read:00000000 $t
C:\Users\anmh1\AppData\Local\Temp\cc1kLZZB.s:137    .text._read:00000000 _read
C:\Users\anmh1\AppData\Local\Temp\cc1kLZZB.s:192    .text._write:00000000 $t
C:\Users\anmh1\AppData\Local\Temp\cc1kLZZB.s:199    .text._write:00000000 _write
C:\Users\anmh1\AppData\Local\Temp\cc1kLZZB.s:251    .text._close:00000000 $t
C:\Users\anmh1\AppData\Local\Temp\cc1kLZZB.s:258    .text._close:00000000 _close
C:\Users\anmh1\AppData\Local\Temp\cc1kLZZB.s:277    .text._fstat:00000000 $t
C:\Users\anmh1\AppData\Local\Temp\cc1kLZZB.s:284    .text._fstat:00000000 _fstat
C:\Users\anmh1\AppData\Local\Temp\cc1kLZZB.s:307    .text._isatty:00000000 $t
C:\Users\anmh1\AppData\Local\Temp\cc1kLZZB.s:314    .text._isatty:00000000 _isatty
C:\Users\anmh1\AppData\Local\Temp\cc1kLZZB.s:333    .text._lseek:00000000 $t
C:\Users\anmh1\AppData\Local\Temp\cc1kLZZB.s:340    .text._lseek:00000000 _lseek
C:\Users\anmh1\AppData\Local\Temp\cc1kLZZB.s:361    .text._open:00000000 $t
C:\Users\anmh1\AppData\Local\Temp\cc1kLZZB.s:368    .text._open:00000000 _open
C:\Users\anmh1\AppData\Local\Temp\cc1kLZZB.s:399    .text._wait:00000000 $t
C:\Users\anmh1\AppData\Local\Temp\cc1kLZZB.s:406    .text._wait:00000000 _wait
C:\Users\anmh1\AppData\Local\Temp\cc1kLZZB.s:433    .text._unlink:00000000 $t
C:\Users\anmh1\AppData\Local\Temp\cc1kLZZB.s:440    .text._unlink:00000000 _unlink
C:\Users\anmh1\AppData\Local\Temp\cc1kLZZB.s:467    .text._times:00000000 $t
C:\Users\anmh1\AppData\Local\Temp\cc1kLZZB.s:474    .text._times:00000000 _times
C:\Users\anmh1\AppData\Local\Temp\cc1kLZZB.s:493    .text._stat:00000000 $t
C:\Users\anmh1\AppData\Local\Temp\cc1kLZZB.s:500    .text._stat:00000000 _stat
C:\Users\anmh1\AppData\Local\Temp\cc1kLZZB.s:523    .text._link:00000000 $t
C:\Users\anmh1\AppData\Local\Temp\cc1kLZZB.s:530    .text._link:00000000 _link
C:\Users\anmh1\AppData\Local\Temp\cc1kLZZB.s:558    .text._fork:00000000 $t
C:\Users\anmh1\AppData\Local\Temp\cc1kLZZB.s:565    .text._fork:00000000 _fork
C:\Users\anmh1\AppData\Local\Temp\cc1kLZZB.s:589    .text._execve:00000000 $t
C:\Users\anmh1\AppData\Local\Temp\cc1kLZZB.s:596    .text._execve:00000000 _execve
C:\Users\anmh1\AppData\Local\Temp\cc1kLZZB.s:636    .data.environ:00000000 environ
C:\Users\anmh1\AppData\Local\Temp\cc1kLZZB.s:630    .bss.__env:00000000 __env
C:\Users\anmh1\AppData\Local\Temp\cc1kLZZB.s:627    .bss.__env:00000000 $d
C:\Users\anmh1\AppData\Local\Temp\cc1kLZZB.s:633    .data.environ:00000000 $d

UNDEFINED SYMBOLS
__errno
__io_getchar
__io_putchar
